<?xml version="1.0" encoding="UTF-8"?>
<!-- Generated by org.testng.reporters.JUnitReportReporter -->
<testsuite hostname="Anuppa-VD3" failures="0" tests="8" name="PROD.ExhibitorPortalSmokeTest_PROD" time="684.687" errors="0" timestamp="2025-03-26T16:38:19 IST" skipped="0">
  <testcase classname="PROD.ExhibitorPortalSmokeTest_PROD" name="TS001_EXP_VerifyExhibitorPortalLoginTest" time="66.540"/>
  <system-out/>
  <testcase classname="PROD.ExhibitorPortalSmokeTest_PROD" name="TS002_EXP_VerifyNotificationsTabTest" time="7.539"/>
  <system-out/>
  <testcase classname="PROD.ExhibitorPortalSmokeTest_PROD" name="TS008_EXP_VerifyExhibitorPortalFooterLinksTest" time="273.816"/>
  <system-out/>
  <testcase classname="PROD.ExhibitorPortalSmokeTest_PROD" name="TS005_EXP_VerifyAllLinkUnderEXPApplicationsAndLeasesTest" time="117.166"/>
  <system-out/>
  <testcase classname="PROD.ExhibitorPortalSmokeTest_PROD" name="TS006_EXP_VerifyAllLinkUnderYourDigiShowroomTest" time="72.811"/>
  <system-out/>
  <testcase classname="PROD.ExhibitorPortalSmokeTest_PROD" name="TS007_EXP_VerifyAllLinkUnderEXPMarketTabTest" time="35.933"/>
  <system-out/>
  <testcase classname="PROD.ExhibitorPortalSmokeTest_PROD" name="TS003_EXP_VerifySettingsTabTest" time="26.232"/>
  <system-out/>
  <testcase classname="PROD.ExhibitorPortalSmokeTest_PROD" name="TS004_EXP_VerifyAllLinkUnderEXPRegistrationsAndServicesTabTest" time="84.650"/>
  <system-out/>
</testsuite> <!-- PROD.ExhibitorPortalSmokeTest_PROD -->
