<?xml version="1.0" encoding="UTF-8"?>
<!-- Generated by org.testng.reporters.JUnitReportReporter -->
<testsuite hostname="Anuppa-VD3" failures="0" tests="6" name="PROD.AtlantaMarketSmokeTest_PROD" time="201.555" errors="0" timestamp="2025-04-07T14:38:33 IST" skipped="5">
  <testcase classname="PROD.AtlantaMarketSmokeTest_PROD" name="TS002_ATL_VerifyAllChannelsLinksTest" time="201.555"/>
  <system-out/>
  <testcase classname="PROD.AtlantaMarketSmokeTest_PROD" name="TS011_ATL_MarketRecap">
    <skipped/>
  </testcase> <!-- TS011_ATL_MarketRecap -->
  <system-out/>
  <testcase classname="PROD.AtlantaMarketSmokeTest_PROD" name="TS014_ATL_VerifyMarketPlannerProfileAndSettingsOptionTest">
    <skipped/>
  </testcase> <!-- TS014_ATL_VerifyMarketPlannerProfileAndSettingsOptionTest -->
  <system-out/>
  <testcase classname="PROD.AtlantaMarketSmokeTest_PROD" name="TS015_ATL_VerifyMarketPlannerRegistrationsOptionTest">
    <skipped/>
  </testcase> <!-- TS015_ATL_VerifyMarketPlannerRegistrationsOptionTest -->
  <system-out/>
  <testcase classname="PROD.AtlantaMarketSmokeTest_PROD" name="TS012_ATL_PlanYourMarkett">
    <skipped/>
  </testcase> <!-- TS012_ATL_PlanYourMarkett -->
  <system-out/>
  <testcase classname="PROD.AtlantaMarketSmokeTest_PROD" name="TS013_ATL_VerifyMarketPlannerLoginTest">
    <skipped/>
  </testcase> <!-- TS013_ATL_VerifyMarketPlannerLoginTest -->
  <system-out/>
</testsuite> <!-- PROD.AtlantaMarketSmokeTest_PROD -->
