<?xml version="1.0" encoding="UTF-8"?>
<!-- Generated by org.testng.reporters.JUnitReportReporter -->
<testsuite hostname="Anuppa-VD3" failures="0" tests="5" name="PROD.LagVegasMarketSmokeTest_PROD" time="767.119" errors="0" timestamp="2025-04-07T15:59:52 IST" skipped="4">
  <testcase classname="PROD.LagVegasMarketSmokeTest_PROD" name="TS001_LVM_VerifyHeaderChannelLinksTest" time="767.119"/>
  <system-out/>
  <testcase classname="PROD.LagVegasMarketSmokeTest_PROD" name="TS003_LVM_MarketRecap">
    <skipped/>
  </testcase> <!-- TS003_LVM_MarketRecap -->
  <system-out/>
  <testcase classname="PROD.LagVegasMarketSmokeTest_PROD" name="TS015_LVM_VerifyMarketPlannerProfileAndSettingsOptionTest">
    <skipped/>
  </testcase> <!-- TS015_LVM_VerifyMarketPlannerProfileAndSettingsOptionTest -->
  <system-out/>
  <testcase classname="PROD.LagVegasMarketSmokeTest_PROD" name="TS013_LVM_PlanYourMarkett">
    <skipped/>
  </testcase> <!-- TS013_LVM_PlanYourMarkett -->
  <system-out/>
  <testcase classname="PROD.LagVegasMarketSmokeTest_PROD" name="TS014_LVM_VerifyMarketPlannerLoginTest">
    <skipped/>
  </testcase> <!-- TS014_LVM_VerifyMarketPlannerLoginTest -->
  <system-out/>
</testsuite> <!-- PROD.LagVegasMarketSmokeTest_PROD -->
