<?xml version="1.0" encoding="UTF-8"?>
<!-- Generated by org.testng.reporters.JUnitReportReporter -->
<testsuite hostname="Anuppa-VD3" failures="0" tests="1" name="PROD.LVMSmoke_PROD" time="324.368" errors="0" timestamp="2025-04-07T16:12:54 IST" skipped="0">
  <testcase classname="PROD.LVMSmoke_PROD" name="TS001_LVM_VerifyHeaderChannelLinksTest" time="324.368"/>
  <system-out/>
</testsuite> <!-- PROD.LVMSmoke_PROD -->
